Arguments: 
  /Users/haiodo/.nvm/versions/node/v16.14.0/bin/node /usr/local/bin/yarn init

PATH: 
  /Users/haiodo/.nvm/versions/node/v16.14.0/bin:/opt/homebrew/bin:/opt/homebrew/sbin:/Users/haiodo/.cargo/bin:/Library/Frameworks/Python.framework/Versions/3.8/bin:/Library/Java/JavaVirtualMachines/adoptopenjdk-11.jdk/Contents/Home/bin:/usr/local/sbin:/Users/haiodo/Develop/bin:/Users/haiodo/.nimble/bin/:/usr/local/bin:/usr/bin:/bin:/usr/sbin:/sbin:/Library/Apple/usr/bin:/Users/haiodo/.nvm/versions/node/v16.14.0/bin:/opt/homebrew/bin:/opt/homebrew/sbin:/Users/haiodo/.cargo/bin:/Library/Frameworks/Python.framework/Versions/3.8/bin:/Library/Java/JavaVirtualMachines/adoptopenjdk-11.jdk/Contents/Home/bin:/usr/local/sbin:/Users/haiodo/Develop/bin:/Users/haiodo/.nimble/bin/:/Applications/Postgres.app/Contents/Versions/9.5/bin:/Users/haiodo/Develop/git/cisco/go/bin:/Applications/Postgres.app/Contents/Versions/9.5/bin:/Users/haiodo/Develop/git/cisco/go/bin

Yarn version: 
  1.22.4

Node version: 
  16.14.0

Platform: 
  darwin arm64

Trace: 
  Error: canceled
      at Interface.<anonymous> (/Users/haiodo/.config/yarn/global/node_modules/yarn/lib/cli.js:137008:13)
      at Interface.emit (node:events:520:28)
      at Interface._ttyWrite (node:readline:1081:16)
      at ReadStream.onkeypress (node:readline:288:10)
      at ReadStream.emit (node:events:520:28)
      at emitKeys (node:internal/readline/utils:358:14)
      at emitKeys.next (<anonymous>)
      at ReadStream.onData (node:internal/readline/emitKeypressEvents:61:36)
      at ReadStream.emit (node:events:520:28)
      at addChunk (node:internal/streams/readable:315:12)

npm manifest: 
  {
    "name": "@anticrm/skillset",
    "version": "0.6.0",
    "description": "A code to map individual skills to Categories",
    "main": "src/index.ts",
    "scripts": {
      "test": "echo \"Error: no test specified\" && exit 1"
    },
    "author": "Anticrm Platform Authors",
    "license": "EPL-2.0"
  }

yarn manifest: 
  No manifest

Lockfile: 
  # THIS IS AN AUTOGENERATED FILE. DO NOT EDIT THIS FILE DIRECTLY.
  # yarn lockfile v1
